<?xml version="1.0" encoding="UTF-8"?>
<testng-results ignored="0" total="3" passed="2" failed="1" skipped="0">
  <reporter-output>
  </reporter-output>
  <suite started-at="2024-04-05T16:52:23 IST" name="Default suite" finished-at="2024-04-05T16:53:06 IST" duration-ms="42854">
    <groups>
    </groups>
    <test started-at="2024-04-05T16:52:23 IST" name="Default test" finished-at="2024-04-05T16:53:06 IST" duration-ms="42854">
      <class name="testngdemo1.Reportsdemo">
        <test-method is-config="true" signature="reportconfig()[pri:0, instance:testngdemo1.Reportsdemo@196a42c3]" started-at="2024-04-05T16:52:23 IST" name="reportconfig" finished-at="2024-04-05T16:52:24 IST" duration-ms="331" status="PASS">
          <reporter-output>
          </reporter-output>
        </test-method> <!-- reportconfig -->
        <test-method is-config="true" signature="setup()[pri:0, instance:testngdemo1.Reportsdemo@196a42c3]" started-at="2024-04-05T16:52:24 IST" name="setup" finished-at="2024-04-05T16:52:47 IST" duration-ms="23079" status="PASS">
          <reporter-output>
          </reporter-output>
        </test-method> <!-- setup -->
        <test-method signature="checktest()[pri:0, instance:testngdemo1.Reportsdemo@196a42c3]" started-at="2024-04-05T16:52:47 IST" name="checktest" finished-at="2024-04-05T16:52:48 IST" duration-ms="1429" status="PASS">
          <reporter-output>
          </reporter-output>
        </test-method> <!-- checktest -->
        <test-method is-config="true" signature="teardown()[pri:0, instance:testngdemo1.Reportsdemo@196a42c3]" started-at="2024-04-05T16:52:48 IST" name="teardown" finished-at="2024-04-05T16:52:50 IST" duration-ms="1186" status="PASS">
          <reporter-output>
          </reporter-output>
        </test-method> <!-- teardown -->
        <test-method is-config="true" signature="setup()[pri:0, instance:testngdemo1.Reportsdemo@196a42c3]" started-at="2024-04-05T16:52:50 IST" name="setup" finished-at="2024-04-05T16:52:57 IST" duration-ms="6993" status="PASS">
          <reporter-output>
          </reporter-output>
        </test-method> <!-- setup -->
        <test-method signature="checktest2()[pri:0, instance:testngdemo1.Reportsdemo@196a42c3]" started-at="2024-04-05T16:52:57 IST" name="checktest2" finished-at="2024-04-05T16:52:57 IST" duration-ms="540" status="PASS">
          <reporter-output>
          </reporter-output>
        </test-method> <!-- checktest2 -->
        <test-method is-config="true" signature="teardown()[pri:0, instance:testngdemo1.Reportsdemo@196a42c3]" started-at="2024-04-05T16:52:57 IST" name="teardown" finished-at="2024-04-05T16:52:57 IST" duration-ms="321" status="PASS">
          <reporter-output>
          </reporter-output>
        </test-method> <!-- teardown -->
        <test-method is-config="true" signature="setup()[pri:0, instance:testngdemo1.Reportsdemo@196a42c3]" started-at="2024-04-05T16:52:57 IST" name="setup" finished-at="2024-04-05T16:53:04 IST" duration-ms="6976" status="PASS">
          <reporter-output>
          </reporter-output>
        </test-method> <!-- setup -->
        <test-method signature="openbrowser()[pri:0, instance:testngdemo1.Reportsdemo@196a42c3]" started-at="2024-04-05T16:53:04 IST" name="openbrowser" finished-at="2024-04-05T16:53:05 IST" duration-ms="782" status="FAIL">
          <exception class="java.lang.AssertionError">
            <message>
              <![CDATA[The following asserts failed:
expected [Practice] but found [Practice Page]]]>
            </message>
            <full-stacktrace>
              <![CDATA[java.lang.AssertionError: The following asserts failed:
expected [Practice] but found [Practice Page]
at org.testng.asserts.SoftAssert.assertAll(SoftAssert.java:46)
at org.testng.asserts.SoftAssert.assertAll(SoftAssert.java:30)
at testngdemo1.Reportsdemo.openbrowser(Reportsdemo.java:71)
at java.base/jdk.internal.reflect.NativeMethodAccessorImpl.invoke0(Native Method)
at java.base/jdk.internal.reflect.NativeMethodAccessorImpl.invoke(NativeMethodAccessorImpl.java:77)
at java.base/jdk.internal.reflect.DelegatingMethodAccessorImpl.invoke(DelegatingMethodAccessorImpl.java:43)
at java.base/java.lang.reflect.Method.invoke(Method.java:568)
at org.testng.internal.invokers.MethodInvocationHelper.invokeMethod(MethodInvocationHelper.java:139)
at org.testng.internal.invokers.TestInvoker.invokeMethod(TestInvoker.java:664)
at org.testng.internal.invokers.TestInvoker.invokeTestMethod(TestInvoker.java:228)
at org.testng.internal.invokers.MethodRunner.runInSequence(MethodRunner.java:63)
at org.testng.internal.invokers.TestInvoker$MethodInvocationAgent.invoke(TestInvoker.java:961)
at org.testng.internal.invokers.TestInvoker.invokeTestMethods(TestInvoker.java:201)
at org.testng.internal.invokers.TestMethodWorker.invokeTestMethods(TestMethodWorker.java:148)
at org.testng.internal.invokers.TestMethodWorker.run(TestMethodWorker.java:128)
at java.base/java.util.ArrayList.forEach(ArrayList.java:1511)
at org.testng.TestRunner.privateRun(TestRunner.java:819)
at org.testng.TestRunner.run(TestRunner.java:619)
at org.testng.SuiteRunner.runTest(SuiteRunner.java:443)
at org.testng.SuiteRunner.runSequentially(SuiteRunner.java:437)
at org.testng.SuiteRunner.privateRun(SuiteRunner.java:397)
at org.testng.SuiteRunner.run(SuiteRunner.java:336)
at org.testng.SuiteRunnerWorker.runSuite(SuiteRunnerWorker.java:52)
at org.testng.SuiteRunnerWorker.run(SuiteRunnerWorker.java:95)
at org.testng.TestNG.runSuitesSequentially(TestNG.java:1301)
at org.testng.TestNG.runSuitesLocally(TestNG.java:1228)
at org.testng.TestNG.runSuites(TestNG.java:1134)
at org.testng.TestNG.run(TestNG.java:1101)
at org.testng.remote.AbstractRemoteTestNG.run(AbstractRemoteTestNG.java:115)
at org.testng.remote.RemoteTestNG.initAndRun(RemoteTestNG.java:251)
at org.testng.remote.RemoteTestNG.main(RemoteTestNG.java:77)
]]>
            </full-stacktrace>
          </exception> <!-- java.lang.AssertionError -->
          <reporter-output>
          </reporter-output>
        </test-method> <!-- openbrowser -->
        <test-method is-config="true" signature="teardown()[pri:0, instance:testngdemo1.Reportsdemo@196a42c3]" started-at="2024-04-05T16:53:05 IST" name="teardown" finished-at="2024-04-05T16:53:06 IST" duration-ms="444" status="PASS">
          <reporter-output>
          </reporter-output>
        </test-method> <!-- teardown -->
        <test-method is-config="true" signature="reportflush()[pri:0, instance:testngdemo1.Reportsdemo@196a42c3]" started-at="2024-04-05T16:53:06 IST" name="reportflush" finished-at="2024-04-05T16:53:06 IST" duration-ms="665" status="PASS">
          <reporter-output>
          </reporter-output>
        </test-method> <!-- reportflush -->
      </class> <!-- testngdemo1.Reportsdemo -->
    </test> <!-- Default test -->
  </suite> <!-- Default suite -->
</testng-results>
